-------------------------------------------------------------------------------
Test set: CRUMTest
-------------------------------------------------------------------------------
Tests run: 1, Failures: 1, Errors: 0, Skipped: 0, Time elapsed: 1.116 s <<< FAILURE! - in CRUMTest
CRUMTest.initOSHITest  Time elapsed: 1.092 s  <<< FAILURE!
org.opentest4j.AssertionFailedError: expected: not <null>
	at CRUMTest.initOSHITest(CRUMTest.java:21)

