<?xml version="1.0" encoding="UTF-8"?>
<testsuite xmlns:xsi="http://www.w3.org/2001/XMLSchema-instance" xsi:noNamespaceSchemaLocation="https://maven.apache.org/surefire/maven-surefire-plugin/xsd/surefire-test-report-3.0.xsd" version="3.0" name="CRUMTest" time="0.8" tests="3" errors="0" skipped="0" failures="0">
  <properties>
[...]
</properties>
  <testcase name="initMachineTest" classname="CRUMTest" time="0.415">
    <system-out><![CDATA[Partition ID: a838cf77-0c75-4a56-afaf-aa82691f3c3c
Filestore ID: cd0de60d-0000-0000-0000-500600000000
Filestore ID: 80eebe6c-01c2-11e3-9e59-806e6f6e6963
Filestore ID: 80eebe6d-01c2-11e3-9e59-806e6f6e6963
Filestore ID: a838cf77-0c75-4a56-afaf-aa82691f3c3c
Filestore ID: 6788e64d-39fc-4aa1-90ba-9f854cab5dd5
Partition ID: 6788e64d-39fc-4aa1-90ba-9f854cab5dd5
Filestore ID: cd0de60d-0000-0000-0000-500600000000
Filestore ID: 80eebe6c-01c2-11e3-9e59-806e6f6e6963
Filestore ID: 80eebe6d-01c2-11e3-9e59-806e6f6e6963
Filestore ID: a838cf77-0c75-4a56-afaf-aa82691f3c3c
Filestore ID: 6788e64d-39fc-4aa1-90ba-9f854cab5dd5
Partition ID: 80eebe6c-01c2-11e3-9e59-806e6f6e6963
Filestore ID: cd0de60d-0000-0000-0000-500600000000
Filestore ID: 80eebe6c-01c2-11e3-9e59-806e6f6e6963
Filestore ID: 80eebe6d-01c2-11e3-9e59-806e6f6e6963
Filestore ID: a838cf77-0c75-4a56-afaf-aa82691f3c3c
Filestore ID: 6788e64d-39fc-4aa1-90ba-9f854cab5dd5
Partition ID: 80eebe6d-01c2-11e3-9e59-806e6f6e6963
Filestore ID: cd0de60d-0000-0000-0000-500600000000
Filestore ID: 80eebe6c-01c2-11e3-9e59-806e6f6e6963
Filestore ID: 80eebe6d-01c2-11e3-9e59-806e6f6e6963
Filestore ID: a838cf77-0c75-4a56-afaf-aa82691f3c3c
Filestore ID: 6788e64d-39fc-4aa1-90ba-9f854cab5dd5
Partition ID: cd0de60d-0000-0000-0000-500600000000
Filestore ID: cd0de60d-0000-0000-0000-500600000000
Filestore ID: 80eebe6c-01c2-11e3-9e59-806e6f6e6963
Filestore ID: 80eebe6d-01c2-11e3-9e59-806e6f6e6963
Filestore ID: a838cf77-0c75-4a56-afaf-aa82691f3c3c
Filestore ID: 6788e64d-39fc-4aa1-90ba-9f854cab5dd5
Opened database successfully
Tables created successfully
]]></system-out>
  </testcase>
  <testcase name="initDBTest" classname="CRUMTest" time="0.041">
    <system-out><![CDATA[Opened database successfully
Tables created successfully
]]></system-out>
  </testcase>
  <testcase name="initOSHITest" classname="CRUMTest" time="0.342">
    <system-out><![CDATA[Partition ID: a838cf77-0c75-4a56-afaf-aa82691f3c3c
Filestore ID: cd0de60d-0000-0000-0000-500600000000
Filestore ID: 80eebe6c-01c2-11e3-9e59-806e6f6e6963
Filestore ID: 80eebe6d-01c2-11e3-9e59-806e6f6e6963
Filestore ID: a838cf77-0c75-4a56-afaf-aa82691f3c3c
Filestore ID: 6788e64d-39fc-4aa1-90ba-9f854cab5dd5
Partition ID: 6788e64d-39fc-4aa1-90ba-9f854cab5dd5
Filestore ID: cd0de60d-0000-0000-0000-500600000000
Filestore ID: 80eebe6c-01c2-11e3-9e59-806e6f6e6963
Filestore ID: 80eebe6d-01c2-11e3-9e59-806e6f6e6963
Filestore ID: a838cf77-0c75-4a56-afaf-aa82691f3c3c
Filestore ID: 6788e64d-39fc-4aa1-90ba-9f854cab5dd5
Partition ID: 80eebe6c-01c2-11e3-9e59-806e6f6e6963
Filestore ID: cd0de60d-0000-0000-0000-500600000000
Filestore ID: 80eebe6c-01c2-11e3-9e59-806e6f6e6963
Filestore ID: 80eebe6d-01c2-11e3-9e59-806e6f6e6963
Filestore ID: a838cf77-0c75-4a56-afaf-aa82691f3c3c
Filestore ID: 6788e64d-39fc-4aa1-90ba-9f854cab5dd5
Partition ID: 80eebe6d-01c2-11e3-9e59-806e6f6e6963
Filestore ID: cd0de60d-0000-0000-0000-500600000000
Filestore ID: 80eebe6c-01c2-11e3-9e59-806e6f6e6963
Filestore ID: 80eebe6d-01c2-11e3-9e59-806e6f6e6963
Filestore ID: a838cf77-0c75-4a56-afaf-aa82691f3c3c
Filestore ID: 6788e64d-39fc-4aa1-90ba-9f854cab5dd5
Partition ID: cd0de60d-0000-0000-0000-500600000000
Filestore ID: cd0de60d-0000-0000-0000-500600000000
Filestore ID: 80eebe6c-01c2-11e3-9e59-806e6f6e6963
Filestore ID: 80eebe6d-01c2-11e3-9e59-806e6f6e6963
Filestore ID: a838cf77-0c75-4a56-afaf-aa82691f3c3c
Filestore ID: 6788e64d-39fc-4aa1-90ba-9f854cab5dd5
]]></system-out>
  </testcase>
</testsuite>